Arguments: 
  /usr/local/bin/node /usr/local/bin/yarn add vue-owl-carouse

PATH: 
  /usr/local/opt/php@7.3/sbin:/usr/local/opt/php@7.3/bin:/usr/local/bin:/usr/bin:/bin:/usr/sbin:/sbin:/usr/local/opt/php@7.3/sbin:/usr/local/opt/php@7.3/bin

Yarn version: 
  1.22.4

Node version: 
  12.16.2

Platform: 
  darwin x64

Trace: 
  Error: https://registry.yarnpkg.com/vue-owl-carouse: Not found
      at Request.params.callback [as _callback] (/usr/local/lib/node_modules/yarn/lib/cli.js:66987:18)
      at Request.self.callback (/usr/local/lib/node_modules/yarn/lib/cli.js:140748:22)
      at Request.emit (events.js:310:20)
      at Request.<anonymous> (/usr/local/lib/node_modules/yarn/lib/cli.js:141720:10)
      at Request.emit (events.js:310:20)
      at IncomingMessage.<anonymous> (/usr/local/lib/node_modules/yarn/lib/cli.js:141642:12)
      at Object.onceWrapper (events.js:416:28)
      at IncomingMessage.emit (events.js:322:22)
      at endReadableNT (_stream_readable.js:1187:12)
      at processTicksAndRejections (internal/process/task_queues.js:84:21)

npm manifest: 
  {
    "name": "cibase",
    "version": "1.0.0",
    "description": "Automatizacion",
    "main": "index.js",
    "scripts": {
      "build": "webpack --mode production",
      "dev": "webpack --mode development --watch"
    },
    "author": "",
    "license": "ISC",
    "devDependencies": {
      "@babel/core": "^7.9.0",
      "@babel/plugin-proposal-optional-chaining": "^7.9.0",
      "@babel/plugin-syntax-optional-chaining": "^7.8.3",
      "@chenfengyuan/vue-carousel": "^1.0.5",
      "@vue/babel-preset-app": "^4.3.1",
      "axios": "^0.19.2",
      "babel-loader": "^8.1.0",
      "browser-sync-webpack-plugin": "^2.2.2",
      "bulma": "^0.8.2",
      "copy-webpack-plugin": "^5.1.1",
      "css-loader": "^3.5.2",
      "file-loader": "^6.0.0",
      "loaders.css": "^0.1.2",
      "magic.css": "^1.4.5",
      "mini-css-extract-plugin": "^0.9.0",
      "node-waves": "^0.7.6",
      "sass": "^1.26.3",
      "sass-loader": "^8.0.2",
      "style-loader": "^1.1.4",
      "vue-axios": "^2.1.5",
      "vue-loader": "^15.9.1",
      "vue-owl-carousel": "^2.0.3",
      "vue-template-compiler": "^2.6.11",
      "webpack": "^4.42.1",
      "webpack-cli": "^3.3.11"
    },
    "dependencies": {
      "animate.css": "^3.7.2",
      "hamburgers": "^1.1.3",
      "vue": "^2.6.11"
    }
  }

yarn manifest: 
  No manifest

Lockfile: 
  No lockfile
